<?xml version="1.0" encoding="UTF-8"?>
<!-- Generated by org.testng.reporters.JUnitXMLReporter -->
<testsuite ignored="0" hostname="DESKTOP-I7TFLUD" failures="1" tests="1" name="Test" time="15.566" errors="0" timestamp="2024-01-24T11:09:28 IST">
  <testcase classname="com.demoSiteTesting.testCases.TC_LoginTest_001" name="loginTest" time="1.478">
    <failure type="java.lang.AssertionError">
      <![CDATA[java.lang.AssertionError
at org.junit.Assert.fail(Assert.java:86)
at org.junit.Assert.assertTrue(Assert.java:41)
at org.junit.Assert.assertTrue(Assert.java:52)
at com.demoSiteTesting.testCases.TC_LoginTest_001.loginTest(TC_LoginTest_001.java:45)
at java.base/java.util.ArrayList.forEach(ArrayList.java:1511)
... Removed 25 stack frames]]>
    </failure>
  </testcase> <!-- loginTest -->
</testsuite> <!-- Test -->
